<?xml version="1.0" encoding="UTF-8"?>
<!-- Generated by org.testng.reporters.JUnitXMLReporter -->
<testsuite ignored="0" hostname="sysadmin" failures="0" tests="4" name="Test1" time="88.189" errors="0" timestamp="06 Feb 2020 06:58:27 GMT">
  <testcase classname="prasanna.maven.NewTest" name="f" time="0.053"/>
  <testcase classname="prasanna.maven.NewTest2" name="TEst2" time="0.025"/>
  <testcase classname="prasanna.maven.NewTest2" name="e_method" time="0.002"/>
  <testcase classname="prasanna2.NewTestmaven" name="f" time="0.004"/>
</testsuite> <!-- Test1 -->
